<?xml version="1.0" encoding="UTF-8"?>
<testng-results ignored="0" total="3" passed="3" failed="0" skipped="0">
  <reporter-output>
  </reporter-output>
  <suite started-at="2023-05-03T20:32:44 EDT" name="Suite" finished-at="2023-05-03T20:32:58 EDT" duration-ms="14301">
    <groups>
    </groups>
    <test started-at="2023-05-03T20:32:44 EDT" name="Test" finished-at="2023-05-03T20:32:58 EDT" duration-ms="14301">
      <class name="testsenarios.AutoTestData">
        <test-method signature="f()[pri:0, instance:testsenarios.AutoTestData@4c1909a3]" started-at="2023-05-03T20:32:44 EDT" name="f" finished-at="2023-05-03T20:32:58 EDT" duration-ms="14237" status="PASS">
          <reporter-output>
          </reporter-output>
        </test-method> <!-- f -->
      </class> <!-- testsenarios.AutoTestData -->
      <class name="testsenarios.NewTest">
        <test-method signature="f()[pri:0, instance:testsenarios.NewTest@4b0d79fc]" started-at="2023-05-03T20:32:44 EDT" name="f" finished-at="2023-05-03T20:32:44 EDT" duration-ms="1" status="PASS">
          <reporter-output>
          </reporter-output>
        </test-method> <!-- f -->
      </class> <!-- testsenarios.NewTest -->
      <class name="testsenarios.Testdemo1">
        <test-method signature="f()[pri:0, instance:testsenarios.Testdemo1@12aba8be]" started-at="2023-05-03T20:32:44 EDT" name="f" finished-at="2023-05-03T20:32:44 EDT" duration-ms="17" status="PASS">
          <reporter-output>
          </reporter-output>
        </test-method> <!-- f -->
      </class> <!-- testsenarios.Testdemo1 -->
    </test> <!-- Test -->
  </suite> <!-- Suite -->
</testng-results>
